filename = input-final.txt
iters = 26501365
gridcell =
{
  [1,1] = ...................................................................................................................................
  [2,1] = .#.................#....#...........#..........#...#.#....#.........................#...........................#......#...........
  [3,1] = ....#..............##............#.................#...................#.#.....#..##......#...........#...#............#.....##....
  [4,1] = ....##..##..........#...........#....#......#.......#.........................#.......#.................#.....................#..#.
  [5,1] = .......##....###...#.#......###.#............#..#...............................#......#.........#..#.....#........................
  [6,1] = .......###......#..#........................##....#.##..........#................................#....##.........#..........#......
  [7,1] = ......#.....#..#.............#.............#...#................#...............#.....#.#......#..#.#................#..#.#.#.#....
  [8,1] = .......#...#...........................#..#........................#..............#..#....#.#...#..#.............##.........#......
  [9,1] = ....#.#....#........................#........#.......#.........#.........................................#....#....................
  [10,1] = ..........................##..###.#....#...##..#...............#...............#...#...#.#.........#....................#.......#..
  [11,1] = .....#.......#.....##....#.....................................#..#...............##.....##.#..............#.........#..#.....#....
  [12,1] = ...#..#......................#....#....#...#.#...............#......#.....................#.................#.##...#...............
  [13,1] = .........#........#........#......................................................................................#.....#..........
  [14,1] = ..............#.......#..#.#...##..........................#......#.#............................#.#.....#....................#....
  [15,1] = .....#.#......#.............##...#......#...........................................#...................#..........#.#..#........#.
  [16,1] = ...##...#...............................#....................#..#.....................##.......#....#.....#..#................#....
  [17,1] = .#..#..............#...#......#..#......................#....#......##..#...............#.....#......#......##...#......#..........
  [18,1] = .................#.................##..........................#...#....#.............#..........##............#.....#.............
  [19,1] = ...........#...#..........................#...........................#.................#..#..#...#.....#........#....#....#.#.....
  [20,1] = .............#.......#................#............................#........................#........#............#..#........#....
  [21,1] = ...#....................#.........##..........................#.............................#.....#..........#.#...................
  [22,1] = .................#............#.......................##...............#.........#.................#......#........#...#...........
  [23,1] = ............#......#...#....#.......................#...#....#...............#..............#.....#.........###.....#..........#...
  [24,1] = .......#.........#....#....##......#.#.....................#..........##......##...............#...............##......#...........
  [25,1] = .............#........#........................#...#.....#.................#....#........................#......#..................
  [26,1] = ..........#.......#......#...................##........#.....#.....#.....#....................#...#.............#........#.........
  [27,1] = ...................##....#....................#.......#..#........#.#....#..#.......#.#....................#.#.#.....#.........##..
  [28,1] = .............#......#..#.#...................#....................#..........#..#................#..........#...###................
  [29,1] = ...#........#..#....#............................#.....##......................#.........#.........#........#...#.#................
  [30,1] = ...#.#......#......#...#.................#......#.#....................#...............................##..............#........#..
  [31,1] = .............#......#....#..........................................##......##....#.....................#..............#.....#.....
  [32,1] = .#...........................#............#....##..#..............#.#........#..#.........#........................#...#...........
  [33,1] = .........#.......#.#..#...#.....................#..#.....##.......#.........#...#....#....................#.##....#.#........#.....
  [34,1] = .......................................#.........#.....................#........#.....#........................#................##.
  [35,1] = ....###.....#...........................#.........#.#.........................#....#......#..................##........#..#........
  [36,1] = .........................................#.............#.................................#.#..#..............................#.....
  [37,1] = .#..#........#.........................##...#...##.......#..#.....#.........#.......#.....#.....................#...#......#..##...
  [38,1] = ..........#......#...............#...#..................#......#.....#........#.#...........#....#.............................#...
  [39,1] = ............#....#...............#.................#............................#...........#...#..................................
  [40,1] = ....#.##.........#..#.................#.....#.##..........#.#.........#.....#..#...#........#..#..#...........................#....
  [41,1] = ......#..........................#.....#..#.................###..........#.......#.................#..............#.........##.#...
  [42,1] = .........#.#.#...............#.#....#.#............#..........................#.....................#.............#..........#..#..
  [43,1] = ...............#.........................#...............#........#..#.........#.......................#........................#..
  [44,1] = .....#...##...#...................#...#.........#...................#.........#....#..........#......................##.......#....
  [45,1] = ...........................#.........................#...#.##............#..........#....##....#........#.................###......
  [46,1] = .........#..............#....#....#.....................#.......#...........#....#...#.#......#.....................#....#.....#...
  [47,1] = ....#.#....##..#.............#.....#.........#...............#....#...............................#.....#.............#..#.........
  [48,1] = ........#.#...............#.......#........................##..#.............#..................................................#..
  [49,1] = ....#.......#................................##....#.#..#..#................#......................#..................#............
  [50,1] = ..........##..........#...#...#............#............#..........#.#.........#...#..#.......#.............................#......
  [51,1] = ...#................#....#..........#..##...............#.......#.#...#..##.....##..#..........#.........#......................##.
  [52,1] = ..#......##................................#...........#.....#....###......#.#.......#............#............#........#..........
  [53,1] = .##.#....#...........#...#.................#.....##...#........................#..#......#..#.........#......................#.....
  [54,1] = .....................##.....................................#............#....#...........#.#...#...............#..........#.......
  [55,1] = ...#....................##.......##.........#............##.............#..................#...................................#...
  [56,1] = ....#...........................##.....#....#...................................#.......#..##.......#...........#...#..............
  [57,1] = ..#............#.................#....#...#....#.....................#.......##...........#...#..............................#.....
  [58,1] = .............................#....#....#.........#...........................#.............##.......................#..............
  [59,1] = ...#..........#...............#..........#.........#.....#........#................##............#..........#....#....##...........
  [60,1] = .#................#...#............#.#............#...#......#......#........#...................##.........#....................#.
  [61,1] = .#.............#........#.....#...#...............#............#........#.......#..#.....................##......#......#........#.
  [62,1] = .....................#..........#...#.........#.#.....#.#..........#...#..........#.#..........#.................##................
  [63,1] = ...............#........................##...#.......#.......#..#....#.............#..#......#.....#........##.....................
  [64,1] = ..............#...........##............#.........#.............#........#...#....#...............##.............#.................
  [65,1] = ............#.................#........#..............#................................#.....##.#..........#..........#............
  [66,1] = .................................................................S.................................................................
  [67,1] = ........###.............#......#...#..#.#.........#......#......#........#..#...#....#.......#...#.#...#...#......#.........#......
  [68,1] = ......................#.#.#.....#...#.#.#....#..#...............................##..#.......#.............#.....#..................
  [69,1] = ..........#.#.........##..#.#.#.........##............#.#..#............#..##.....#......#..#..#.#.#.......#.....#.................
  [70,1] = ...........#.#...#......#..............................#......#.................................#.#...#.............##.............
  [71,1] = ..................................#................#..............#..........#...#........#........................................
  [72,1] = ..........#.........#.#........#..........#..#............#.......#....#..##..........#..........................#...............#.
  [73,1] = ...........#..#.##..............##.#......#.....#.#......#.................#....#.....#........#.#.......#....#.................#..
  [74,1] = ..............#..........#...#........#......#......#...#..........#.....#.........#.........#...........#........#..#.............
  [75,1] = .....#..................#................#...#......#.........................#....#...#..........#....#..#..##....................
  [76,1] = .#.............................#.....#................#........#........#........#....#........................................#...
  [77,1] = .........................#.............#.........#............#.#.......#......#.........#...#..............#...#.#........#.......
  [78,1] = ................#.#......#....##........................#....#....#...........#.......#...........#.........................#......
  [79,1] = ....##...#........#......#......#...#....#....#....#....#....#.....#..........#.#.#.#......................#..##..............#....
  [80,1] = ............................#........#......#...#.....#................##..#........#...........#...#..#.......#........#........#.
  [81,1] = ...........#.......#..##........#....#.##...............#......#.........#................#..#......#...................#..........
  [82,1] = ......#.............#...##..............#...#.......................................#.......#...#..........#...................##..
  [83,1] = ........#............##.#.......#..........#......#.....................................#.......#..................................
  [84,1] = .............................#...............#.................#.....#.......#.#...........#...........#.............#.............
  [85,1] = ...#....####...................#..##.........................#..#.........#................##....#.#.##............................
  [86,1] = ..#.#..#.......#............................#.......................#.#...........#.........................................#..#.#.
  [87,1] = ......#......#..#............#......#....#.......#..#.......#................#.......#................#............................
  [88,1] = .....#.##..#..#.............#.........#......#.#..............................##..#..................#.............#.......#.......
  [89,1] = ......#..#.#......................#...........#.............#.........#....#.....#.#.............#..............#..................
  [90,1] = ...........#.....................................#........##....#.............###.###...#...#.......#..........#........#......#...
  [91,1] = ...#...............#..................#....#..#....#.........##.........#....###..#...#..........#.......................#.#.#.....
  [92,1] = ....#.........#.................#.......#....##...#..#.#...#..#.........#.#...#......#..............#...................#.......#..
  [93,1] = ................................................#...#.#....#.......#.................#......#..................##.#.....#.......#..
  [94,1] = ........#...#.....................................#.........#.......#......#...................##...........................#......
  [95,1] = ..................#................#...........##....#....##............................#...#.##...........##..........##..#.......
  [96,1] = ......#............#..............#..#.......#................#...##.....#.........##..........................#...#..........##...
  [97,1] = .#....#.......#.#.........#.....................................#..#...##....#....#........#.............#...................#.....
  [98,1] = .........#.......#.#................................#...#............#.................#...............#.........#........#....#...
  [99,1] = ...........#.................#..................##.....#..........#.....#.......#.......##.....................#.............#.....
  [100,1] = ...#......#.......#......................#.........#.#....#.........................................#.....#....#...................
  [101,1] = ............#.....#...........#..........#............................#...##........................#..#...#...#.#.................
  [102,1] = .....#..............#.#........#.........#.......#......#...........................................#...#..#..........#...#........
  [103,1] = ......#.#..................#.....#..............#..#....#.......#...........#....#.......#........#....................#...##......
  [104,1] = ..#.............##................#..................##.#.....#.#..#..###...............#..........#..#....#..#.........#.#........
  [105,1] = ..............#....#..............#.................#....#...............###.#..#...#..#.........#.#.#.................#.......#.#.
  [106,1] = ....#..#..................#.....................#.................#..#....#.#.....#..................#...#....#...#................
  [107,1] = .............###.................#.............##...................#...##.........##.........#........#.#..................#..#...
  [108,1] = ..........#........#......#.#.......#..........##......#....#.#.........#........................................#..#..............
  [109,1] = .....#..............#.#............#....................#...........#..##..........#...........#.#....#.................#..........
  [110,1] = ......#...#.......#......#.....##..#....................#......#...#......#...............#....#.#................#................
  [111,1] = .....#..........##....#................###.........#..#.....#...............#......................#.........##.....#...........#..
  [112,1] = ....#..##......#......#...............#.............#..#........#.......#.................#...........##...#.#.....#...............
  [113,1] = .......#...........##..#.........#.....##.##.........#................#.....#................................#.#...................
  [114,1] = .......#..#..........#.#.........#..#.....................###......#........................................#.#....................
  [115,1] = .........#.#...........#.......##..........##................#........#....................##...............#...#...#....#.......#.
  [116,1] = ...............................#..#.#........................................................#.....#..............#.........#......
  [117,1] = ...........#........#.....##..#.....#.#......#....................................................#...........................#.##.
  [118,1] = ...............#..............#..#....#.#...............#.#..............................#.......#.................#............#..
  [119,1] = .#.....#.............#.....#......#........................###.....#................................................###...#........
  [120,1] = ............................##...........#.#....................#.............................###.......#.#..#..................#..
  [121,1] = .#..#.....#.#......#.......................##...................#........................................#................##...#...
  [122,1] = .....#..........##........##..........................................................#.............#..............................
  [123,1] = ..............................#........#........#.............................#.#...#.............##...........#.............#.....
  [124,1] = ..#..#...........#.........#.....#....#.....#.................#..................#...#...................#...........#.#.....#.....
  [125,1] = .......................#......#...#.........#.#................#............#...#..........#...#.....#....#......#...........#...#.
  [126,1] = ...#.............#...#........#....#.#.......##.#................................................#........#...........#.....#......
  [127,1] = .........#.##..............#.....................................................#.......##.#.............................#........
  [128,1] = .#........#.......#..#............#.#.#.....#.#.........#.........................................#........#........#.#.#..........
  [129,1] = ........##..............................................#................##.#.....#...........##....##.........#........#..........
  [130,1] = ...#...........#...#...........#..............#..........##............#.#.................##....#.#.........#......#.#............
  [131,1] = ...................................................................................................................................
}

gridsz =

   131   131

maxdegree = 3
maxwalk = 393
m = 7
hist =

  containers.Map object with properties:

    Count     : 0
    KeyType   : double
    ValueType : any


jj =

        1        4
        2        8
        3       15
        4       23
        5       35
        6       45
        7       58
        8       76
        9       90
       10      111
       11      134
       12      152
       13      180
       14      203
       15      233
       16      258
       17      290
       18      323
       19      361
       20      392
       21      431
       22      469
       23      513
       24      552
       25      599
       26      646
       27      693
       28      745
       29      797
       30      851
       31      903
       32      967
       33     1020
       34     1093
       35     1140
       36     1218
       37     1262
       38     1351
       39     1398
       40     1487
       41     1539
       42     1638
       43     1694
       44     1795
       45     1856
       46     1962
       47     2018
       48     2131
       49     2195
       50     2304
       51     2372
       52     2489
       53     2555
       54     2681
       55     2751
       56     2886
       57     2958
       58     3091
       59     3166
       60     3302
       61     3391
       62     3552
       63     3644
       64     3814
       65     3906
       66     4078
       67     4174
       68     4350
       69     4426
       70     4592
       71     4682
       72     4856
       73     4945
       74     5121
       75     5219
       76     5394
       77     5497
       78     5671
       79     5782
       80     5948
       81     6070
       82     6242
       83     6370
       84     6543
       85     6674
       86     6857
       87     6992
       88     7180
       89     7308
       90     7486
       91     7632
       92     7818
       93     7962
       94     8152
       95     8288
       96     8493
       97     8644
       98     8854
       99     9006
      100     9209
      101     9373
      102     9585
      103     9747
      104     9963
      105    10127
      106    10347
      107    10514
      108    10729
      109    10906
      110    11126
      111    11307
      112    11535
      113    11701
      114    11949
      115    12117
      116    12351
      117    12528
      118    12759
      119    12966
      120    13191
      121    13406
      122    13627
      123    13859
      124    14068
      125    14297
      126    14519
      127    14745
      128    14977
      129    15208
      130    15445
      131    15678
      132    15913
      133    16155
      134    16395
      135    16634
      136    16885
      137    17116
      138    17374
      139    17627
      140    17872
      141    18134
      142    18383
      143    18651
      144    18891
      145    19175
      146    19400
      147    19693
      148    19923
      149    20217
      150    20475
      151    20762
      152    21021
      153    21314
      154    21568
      155    21864
      156    22125
      157    22438
      158    22694
      159    23004
      160    23272
      161    23584
      162    23841
      163    24172
      164    24427
      165    24779
      166    25007
      167    25356
      168    25582
      169    25947
      170    26186
      171    26548
      172    26781
      173    27166
      174    27416
      175    27801
      176    28054
      177    28435
      178    28671
      179    29067
      180    29326
      181    29713
      182    29958
      183    30369
      184    30607
      185    31034
      186    31270
      187    31717
      188    31956
      189    32390
      190    32632
      191    33071
      192    33326
      193    33821
      194    34106
      195    34620
      196    34896
      197    35408
      198    35688
      199    36204
      200    36440
      201    36911
      202    37163
      203    37640
      204    37889
      205    38375
      206    38639
      207    39120
      208    39390
      209    39860
      210    40149
      211    40597
      212    40901
      213    41358
      214    41671
      215    42122
      216    42440
      217    42905
      218    43233
      219    43713
      220    44020
      221    44465
      222    44804
      223    45266
      224    45596
      225    46055
      226    46371
      227    46858
      228    47210
      229    47696
      230    48052
      231    48516
      232    48894
      233    49370
      234    49741
      235    50221
      236    50594
      237    51077
      238    51454
      239    51920
      240    52313
      241    52786
      242    53185
      243    53674
      244    54041
      245    54562
      246    54929
      247    55419
      248    55801
      249    56281
      250    56719
      251    57189
      252    57634
      253    58094
      254    58571
      255    58999
      256    59469
      257    59921
      258    60380
      259    60848
      260    61313
      261    61788
      262    62253
      263    62720
      264    63200
      265    63673
      266    64143
      267    64633
      268    65085
      269    65588
      270    66076
      271    66552
      272    67055
      273    67530
      274    68048
      275    68500
      276    69045
      277    69465
      278    70026
      279    70454
      280    71009
      281    71487
      282    72030
      283    72509
      284    73057
      285    73521
      286    74074
      287    74549
      288    75128
      289    75593
      290    76161
      291    76645
      292    77215
      293    77677
      294    78275
      295    78732
      296    79363
      297    79772
      298    80392
      299    80800
      300    81441
      301    81872
      302    82507
      303    82921
      304    83592
      305    84036
      306    84705
      307    85150
      308    85806
      309    86222
      310    86901
      311    87355
      312    88020
      313    88442
      314    89147
      315    89557
      316    90285
      317    90687
      318    91446
      319    91852
      320    92587
      321    92996
      322    93738
      323    94159
      324    94988
      325    95466
      326    96324
      327    96784
      328    97636
      329    98100
      330    98956
      331    99352
      332   100128
      333   100542
      334   101322
      335   101731
      336   102527
      337   102957
      338   103744
      339   104181
      340   104947
      341   105414
      342   106144
      343   106630
      344   107372
      345   107870
      346   108599
      347   109104
      348   109851
      349   110372
      350   111144
      351   111630
      352   112342
      353   112874
      354   113612
      355   114128
      356   114856
      357   115352
      358   116121
      359   116674
      360   117436
      361   117996
      362   118721
      363   119313
      364   120053
      365   120633
      366   121377
      367   121959
      368   122705
      369   123292
      370   124009
      371   124618
      372   125344
      373   125961
      374   126711
      375   127279
      376   128073
      377   128639
      378   129385
      379   129972
      380   130701
      381   131370
      382   132085
      383   132760
      384   133459
      385   134181
      386   134828
      387   135539
      388   136221
      389   136913
      390   137617
      391   138316
      392   139029
      393   139726

pts =

      65    3906
     196   34896
     327   96784

coef =

   0.9002   1.6025  -1.6738

answer_pt2 = 632257949158206
